<?xml version="1.0" encoding="UTF-8"?>
<testsuite xmlns:xsi="http://www.w3.org/2001/XMLSchema-instance" xsi:schemaLocation="https://maven.apache.org/surefire/maven-surefire-plugin/xsd/surefire-test-report.xsd" name="com.mycompany.testing.CucumberJvmTest" time="7.12" tests="79" errors="2" skipped="6" failures="2">
  <properties>
    <property name="java.runtime.name" value="Java(TM) SE Runtime Environment"/>
    <property name="sun.boot.library.path" value="C:\Program Files\Java\jdk1.8.0_121\jre\bin"/>
    <property name="java.vm.version" value="25.121-b13"/>
    <property name="java.vm.vendor" value="Oracle Corporation"/>
    <property name="maven.multiModuleProjectDirectory" value="C:\Users\shash\Downloads\tempiii\allure-cucumber-jvm-example\junit"/>
    <property name="java.vendor.url" value="http://java.oracle.com/"/>
    <property name="path.separator" value=";"/>
    <property name="guice.disable.misplaced.annotation.check" value="true"/>
    <property name="java.vm.name" value="Java HotSpot(TM) 64-Bit Server VM"/>
    <property name="file.encoding.pkg" value="sun.io"/>
    <property name="user.script" value=""/>
    <property name="user.country" value="US"/>
    <property name="sun.java.launcher" value="SUN_STANDARD"/>
    <property name="sun.os.patch.level" value=""/>
    <property name="test" value="com.mycompany.testing.CucumberJvmTest"/>
    <property name="java.vm.specification.name" value="Java Virtual Machine Specification"/>
    <property name="user.dir" value="C:\Users\shash\Downloads\tempiii\allure-cucumber-jvm-example\junit"/>
    <property name="java.runtime.version" value="1.8.0_121-b13"/>
    <property name="java.awt.graphicsenv" value="sun.awt.Win32GraphicsEnvironment"/>
    <property name="java.endorsed.dirs" value="C:\Program Files\Java\jdk1.8.0_121\jre\lib\endorsed"/>
    <property name="os.arch" value="amd64"/>
    <property name="java.io.tmpdir" value="C:\Users\shash\AppData\Local\Temp\"/>
    <property name="line.separator" value="&#10;"/>
    <property name="java.vm.specification.vendor" value="Oracle Corporation"/>
    <property name="user.variant" value=""/>
    <property name="os.name" value="Windows 10"/>
    <property name="classworlds.conf" value="C:\Program Files\Java\apache-maven-3.5.0\bin\..\bin\m2.conf"/>
    <property name="sun.jnu.encoding" value="Cp1252"/>
    <property name="java.library.path" value="C:\Program Files\Java\jdk1.8.0_121\bin;C:\WINDOWS\Sun\Java\bin;C:\WINDOWS\system32;C:\WINDOWS;C:\Program Files (x86)\Common Files\Oracle\Java\javapath;C:\Gradle\gradle-6.4\bin;C:\ProgramData\Oracle\Java\javapath;C:\Program Files\Broadcom\Broadcom 802.11 Network Adapter;C:\WINDOWS\system32;C:\WINDOWS;C:\WINDOWS\System32\Wbem;C:\WINDOWS\System32\WindowsPowerShell\v1.0\;C:\Program Files\Lenovo\Bluetooth Software\;C:\Program Files\Lenovo\Bluetooth Software\syswow64;C:\Program Files\Java\apache-maven-3.5.0\bin;C:\Program Files\Java\jdk1.8.0_121\bin;C:\Program Files\nodejs\;C:\Program Files\Microsoft SQL Server\Client SDK\ODBC\130\Tools\Binn\;C:\Program Files (x86)\Microsoft SQL Server\140\Tools\Binn\;C:\Program Files\Microsoft SQL Server\140\Tools\Binn\;C:\Program Files\Microsoft SQL Server\140\DTS\Binn\;C:\WINDOWS\System32\OpenSSH\;C:\Program Files\ibm\gsk8\lib64;C:\Program Files (x86)\ibm\gsk8\lib;C:\PROGRA~1\IBM\SQLLIB\BIN;C:\PROGRA~1\IBM\SQLLIB\FUNCTION;C:\PROGRA~1\IBM\SQLLIB\SAMPLES\REPL;C:\Program Files\dotnet\;C:\Program Files\Microsoft SQL Server\130\Tools\Binn\;C:\Program Files\Microsoft SQL Server\Client SDK\ODBC\170\Tools\Binn\;C:\Program Files\Git\cmd;C:\apache-maven-3.8.4\bin;C:\apache-maven-3.8.4\;%M2_Maven%\bin;C:\Program Files\Git\bin;;C:\Program Files\Docker\Docker\resources\bin;C:\ProgramData\DockerDesktop\version-bin;C:\Users\shash\scoop\shims;C:\Users\shash\AppData\Local\Microsoft\WindowsApps;C:\Users\shash\AppData\Roaming\npm;;C:\Program Files\JetBrains\IntelliJ IDEA 2019.1\bin;;C:\Users\shash\.dotnet\tools;."/>
    <property name="maven.conf" value="C:\Program Files\Java\apache-maven-3.5.0\bin\../conf"/>
    <property name="java.specification.name" value="Java Platform API Specification"/>
    <property name="java.class.version" value="52.0"/>
    <property name="sun.management.compiler" value="HotSpot 64-Bit Tiered Compilers"/>
    <property name="os.version" value="10.0"/>
    <property name="library.jansi.path" value="C:\Program Files\Java\apache-maven-3.5.0\bin\..\lib\jansi-native\windows64"/>
    <property name="user.home" value="C:\Users\shash"/>
    <property name="user.timezone" value="America/Chicago"/>
    <property name="java.awt.printerjob" value="sun.awt.windows.WPrinterJob"/>
    <property name="java.specification.version" value="1.8"/>
    <property name="file.encoding" value="Cp1252"/>
    <property name="user.name" value="shash"/>
    <property name="java.class.path" value="C:\Program Files\Java\apache-maven-3.5.0\bin\..\boot\plexus-classworlds-2.5.2.jar"/>
    <property name="java.vm.specification.version" value="1.8"/>
    <property name="sun.arch.data.model" value="64"/>
    <property name="java.home" value="C:\Program Files\Java\jdk1.8.0_121\jre"/>
    <property name="sun.java.command" value="org.codehaus.plexus.classworlds.launcher.Launcher test -Dtest=com.mycompany.testing.CucumberJvmTest"/>
    <property name="java.specification.vendor" value="Oracle Corporation"/>
    <property name="user.language" value="en"/>
    <property name="awt.toolkit" value="sun.awt.windows.WToolkit"/>
    <property name="java.vm.info" value="mixed mode"/>
    <property name="java.version" value="1.8.0_121"/>
    <property name="java.ext.dirs" value="C:\Program Files\Java\jdk1.8.0_121\jre\lib\ext;C:\WINDOWS\Sun\Java\lib\ext"/>
    <property name="sun.boot.class.path" value="C:\Program Files\Java\jdk1.8.0_121\jre\lib\resources.jar;C:\Program Files\Java\jdk1.8.0_121\jre\lib\rt.jar;C:\Program Files\Java\jdk1.8.0_121\jre\lib\sunrsasign.jar;C:\Program Files\Java\jdk1.8.0_121\jre\lib\jsse.jar;C:\Program Files\Java\jdk1.8.0_121\jre\lib\jce.jar;C:\Program Files\Java\jdk1.8.0_121\jre\lib\charsets.jar;C:\Program Files\Java\jdk1.8.0_121\jre\lib\jfr.jar;C:\Program Files\Java\jdk1.8.0_121\jre\classes"/>
    <property name="sun.stderr.encoding" value="cp437"/>
    <property name="java.vendor" value="Oracle Corporation"/>
    <property name="maven.home" value="C:\Program Files\Java\apache-maven-3.5.0\bin\.."/>
    <property name="file.separator" value="\"/>
    <property name="java.vendor.url.bug" value="http://bugreport.sun.com/bugreport/"/>
    <property name="sun.cpu.endian" value="little"/>
    <property name="sun.io.unicode.encoding" value="UnicodeLittle"/>
    <property name="sun.stdout.encoding" value="cp437"/>
    <property name="sun.desktop" value="windows"/>
    <property name="sun.cpu.isalist" value="amd64"/>
  </properties>
  <testcase name="Дано первое число 5" classname="Сценарий: Сложение одинарное" time="0.003"/>
  <testcase name="И второе число 5" classname="Сценарий: Сложение одинарное" time="0"/>
  <testcase name="Когда я их складываю" classname="Сценарий: Сложение одинарное" time="0"/>
  <testcase name="Тогда сумма равна 10" classname="Сценарий: Сложение одинарное" time="0"/>
  <testcase name="Сценарий: Сложение одинарное" classname="Сценарий: Сложение одинарное" time="0.077"/>
  <testcase name="Дано первое число 6" classname="| 6 | 6 | 12 |" time="0.001"/>
  <testcase name="И второе число 6" classname="| 6 | 6 | 12 |" time="0"/>
  <testcase name="Когда я их складываю" classname="| 6 | 6 | 12 |" time="0"/>
  <testcase name="Тогда сумма равна 12" classname="| 6 | 6 | 12 |" time="0.001"/>
  <testcase name="| 6 | 6 | 12 |" classname="| 6 | 6 | 12 |" time="0.002"/>
  <testcase name="| 6 | 6 | 12 |" classname="| 6 | 6 | 12 |" time="0.002"/>
  <testcase name="Дано первое число 5" classname="| 5 | 10 | 15 |" time="0"/>
  <testcase name="И второе число 10" classname="| 5 | 10 | 15 |" time="0"/>
  <testcase name="Когда я их складываю" classname="| 5 | 10 | 15 |" time="0.001"/>
  <testcase name="Тогда сумма равна 15" classname="| 5 | 10 | 15 |" time="0"/>
  <testcase name="| 5 | 10 | 15 |" classname="| 5 | 10 | 15 |" time="0.001"/>
  <testcase name="| 5 | 10 | 15 |" classname="| 5 | 10 | 15 |" time="0.001"/>
  <testcase name="Дано первое число 12" classname="| 12 | 5 | 17 |" time="0.001"/>
  <testcase name="И второе число 5" classname="| 12 | 5 | 17 |" time="0.001"/>
  <testcase name="Когда я их складываю" classname="| 12 | 5 | 17 |" time="0.001"/>
  <testcase name="Тогда сумма равна 17" classname="| 12 | 5 | 17 |" time="0"/>
  <testcase name="| 12 | 5 | 17 |" classname="| 12 | 5 | 17 |" time="0.006"/>
  <testcase name="Дано первое число 22" classname="| 22 | 11 | 33 |" time="0.001"/>
  <testcase name="И второе число 11" classname="| 22 | 11 | 33 |" time="0"/>
  <testcase name="Когда я их складываю" classname="| 22 | 11 | 33 |" time="0.001"/>
  <testcase name="Тогда сумма равна 33" classname="| 22 | 11 | 33 |" time="0"/>
  <testcase name="| 22 | 11 | 33 |" classname="| 22 | 11 | 33 |" time="0.001"/>
  <testcase name="Дано первое число 5" classname="Сценарий: Сложение одинарное2" time="0"/>
  <testcase name="И второе число 5" classname="Сценарий: Сложение одинарное2" time="0"/>
  <testcase name="Когда я их складываю" classname="Сценарий: Сложение одинарное2" time="0"/>
  <testcase name="Тогда сумма равна 10" classname="Сценарий: Сложение одинарное2" time="0"/>
  <testcase name="Сценарий: Сложение одинарное2" classname="Сценарий: Сложение одинарное2" time="0.001"/>
  <testcase name="Дано первое число 1" classname="| 1 | 4 | 5 |" time="0.001"/>
  <testcase name="И второе число 4" classname="| 1 | 4 | 5 |" time="0"/>
  <testcase name="Когда я их складываю" classname="| 1 | 4 | 5 |" time="0"/>
  <testcase name="Тогда сумма равна 5" classname="| 1 | 4 | 5 |" time="0"/>
  <testcase name="| 1 | 4 | 5 |" classname="| 1 | 4 | 5 |" time="0.001"/>
  <testcase name="Дано первое число 1" classname="| 1 | 2 | 3 |" time="0"/>
  <testcase name="И второе число 2" classname="| 1 | 2 | 3 |" time="0"/>
  <testcase name="Когда я их складываю" classname="| 1 | 2 | 3 |" time="0"/>
  <testcase name="Тогда сумма равна 3" classname="| 1 | 2 | 3 |" time="0"/>
  <testcase name="| 1 | 2 | 3 |" classname="| 1 | 2 | 3 |" time="0.001"/>
  <testcase name="Дано первое число 3" classname="| 3 | 7 | 10 |" time="0"/>
  <testcase name="И второе число 7" classname="| 3 | 7 | 10 |" time="0"/>
  <testcase name="Когда я их складываю" classname="| 3 | 7 | 10 |" time="0"/>
  <testcase name="Тогда сумма равна 10" classname="| 3 | 7 | 10 |" time="0"/>
  <testcase name="| 3 | 7 | 10 |" classname="| 3 | 7 | 10 |" time="0.001"/>
  <testcase name="Дано первое число 5" classname="| 5 | 10 | 16 |" time="0"/>
  <testcase name="И второе число 10" classname="| 5 | 10 | 16 |" time="0"/>
  <testcase name="Когда я их складываю" classname="| 5 | 10 | 16 |" time="0"/>
  <testcase name="Тогда сумма равна 16" classname="| 5 | 10 | 16 |" time="0.016">
    <failure message="expected:&lt;16&gt; but was:&lt;15&gt;" type="java.lang.AssertionError"><![CDATA[java.lang.AssertionError: expected:<16> but was:<15>
]]></failure>
  </testcase>
  <testcase name="| 5 | 10 | 16 |" classname="| 5 | 10 | 16 |" time="0.017">
    <failure message="expected:&lt;16&gt; but was:&lt;15&gt;" type="java.lang.AssertionError"><![CDATA[java.lang.AssertionError: expected:<16> but was:<15>
]]></failure>
  </testcase>
  <testcase name="Дано первое число 5" classname="Сценарий: Сложение одинарное3" time="0"/>
  <testcase name="И второе число 5" classname="Сценарий: Сложение одинарное3" time="0"/>
  <testcase name="Когда я их складываю" classname="Сценарий: Сложение одинарное3" time="0"/>
  <testcase name="Тогда сумма равна 10" classname="Сценарий: Сложение одинарное3" time="0"/>
  <testcase name="Сценарий: Сложение одинарное3" classname="Сценарий: Сложение одинарное3" time="0"/>
  <testcase name="Дано не реализованный сценарий" classname="Сценарий: Пропущен" time="0">
    <skipped/>
  </testcase>
  <testcase name="Когда он выполнен" classname="Сценарий: Пропущен" time="0">
    <skipped/>
  </testcase>
  <testcase name="Тогда его шаги отмечены как &quot;Skipped&quot;" classname="Сценарий: Пропущен" time="0">
    <skipped/>
  </testcase>
  <testcase name="Сценарий: Пропущен" classname="Сценарий: Пропущен" time="0">
    <skipped/>
  </testcase>
  <testcase name="Сценарий: Пропущен" classname="Сценарий: Пропущен" time="0.012"/>
  <testcase name="Дано сломанный сценарий" classname="Сценарий: Сломан" time="0">
    <error message="java.lang.Integer cannot be cast to java.lang.String" type="java.lang.ClassCastException">java.lang.ClassCastException: java.lang.Integer cannot be cast to java.lang.String
</error>
  </testcase>
  <testcase name="Сценарий: Сломан" classname="Сценарий: Сломан" time="0.001">
    <error message="java.lang.Integer cannot be cast to java.lang.String" type="java.lang.ClassCastException">java.lang.ClassCastException: java.lang.Integer cannot be cast to java.lang.String
</error>
  </testcase>
  <testcase name="Когда отображается отчет" classname="Сценарий: Сломан" time="0">
    <skipped/>
  </testcase>
  <testcase name="То видно исключение" classname="Сценарий: Сломан" time="0">
    <skipped/>
  </testcase>
  <testcase name="Given first digit 5" classname="Scenario: Test multiply" time="0"/>
  <testcase name="And second digit 5" classname="Scenario: Test multiply" time="0.001"/>
  <testcase name="When I multiply it" classname="Scenario: Test multiply" time="0"/>
  <testcase name="Then sum is 10" classname="Scenario: Test multiply" time="0.001"/>
  <testcase name="Scenario: Test multiply" classname="Scenario: Test multiply" time="0.003"/>
  <testcase name="Given first digit 6" classname="| 6 | 6 | 12 |" time="0"/>
  <testcase name="And second digit 6" classname="| 6 | 6 | 12 |" time="0.001"/>
  <testcase name="When I multiply it" classname="| 6 | 6 | 12 |" time="0"/>
  <testcase name="Then sum is 12" classname="| 6 | 6 | 12 |" time="0"/>
  <testcase name="Given first digit 5" classname="| 5 | 10 | 15 |" time="0.001"/>
  <testcase name="And second digit 10" classname="| 5 | 10 | 15 |" time="0"/>
  <testcase name="When I multiply it" classname="| 5 | 10 | 15 |" time="0.001"/>
  <testcase name="Then sum is 15" classname="| 5 | 10 | 15 |" time="0"/>
</testsuite>